-------------------------------------------------------------------------------
Test set: com.loanflow.customer.service.CustomerServiceTest$CreateTests
-------------------------------------------------------------------------------
Tests run: 6, Failures: 4, Errors: 2, Skipped: 0, Time elapsed: 0.071 s <<< FAILURE! -- in com.loanflow.customer.service.CustomerServiceTest$CreateTests
com.loanflow.customer.service.CustomerServiceTest$CreateTests.shouldThrowForDuplicateEmail -- Time elapsed: 0.019 s <<< FAILURE!
java.lang.AssertionError: 

Expecting actual throwable to be an instance of:
  com.loanflow.util.exception.DuplicateResourceException
but was:
  java.lang.NullPointerException: Cannot invoke "com.loanflow.customer.domain.entity.Customer.generateCustomerNumber()" because "customer" is null
	at com.loanflow.customer.service.impl.CustomerServiceImpl.create(CustomerServiceImpl.java:39)
	at com.loanflow.customer.service.CustomerServiceTest$CreateTests.lambda$shouldThrowForDuplicateEmail$2(CustomerServiceTest.java:162)
	at org.assertj.core.api.ThrowableAssert.catchThrowable(ThrowableAssert.java:63)
	...(83 remaining lines not displayed - this can be changed with Assertions.setMaxStackTraceElementsDisplayed)
	at com.loanflow.customer.service.CustomerServiceTest$CreateTests.shouldThrowForDuplicateEmail(CustomerServiceTest.java:163)
	at java.base/java.lang.reflect.Method.invoke(Method.java:578)
	at java.base/java.util.ArrayList.forEach(ArrayList.java:1511)
	at java.base/java.util.ArrayList.forEach(ArrayList.java:1511)
	at java.base/java.util.ArrayList.forEach(ArrayList.java:1511)

com.loanflow.customer.service.CustomerServiceTest$CreateTests.shouldThrowForDuplicateMobile -- Time elapsed: 0.004 s <<< FAILURE!
java.lang.AssertionError: 

Expecting actual throwable to be an instance of:
  com.loanflow.util.exception.DuplicateResourceException
but was:
  java.lang.NullPointerException: Cannot invoke "com.loanflow.customer.domain.entity.Customer.generateCustomerNumber()" because "customer" is null
	at com.loanflow.customer.service.impl.CustomerServiceImpl.create(CustomerServiceImpl.java:39)
	at com.loanflow.customer.service.CustomerServiceTest$CreateTests.lambda$shouldThrowForDuplicateMobile$3(CustomerServiceTest.java:177)
	at org.assertj.core.api.ThrowableAssert.catchThrowable(ThrowableAssert.java:63)
	...(83 remaining lines not displayed - this can be changed with Assertions.setMaxStackTraceElementsDisplayed)
	at com.loanflow.customer.service.CustomerServiceTest$CreateTests.shouldThrowForDuplicateMobile(CustomerServiceTest.java:178)
	at java.base/java.lang.reflect.Method.invoke(Method.java:578)
	at java.base/java.util.ArrayList.forEach(ArrayList.java:1511)
	at java.base/java.util.ArrayList.forEach(ArrayList.java:1511)
	at java.base/java.util.ArrayList.forEach(ArrayList.java:1511)

com.loanflow.customer.service.CustomerServiceTest$CreateTests.shouldCreateCustomer -- Time elapsed: 0.012 s <<< ERROR!
org.mockito.exceptions.misusing.UnnecessaryStubbingException: 

Unnecessary stubbings detected.
Clean & maintainable test code requires zero unnecessary code.
Following stubbings are unnecessary (click to navigate to relevant line of code):
  1. -> at com.loanflow.customer.service.CustomerServiceTest$CreateTests.shouldCreateCustomer(CustomerServiceTest.java:108)
  2. -> at com.loanflow.customer.service.CustomerServiceTest$CreateTests.shouldCreateCustomer(CustomerServiceTest.java:109)
  3. -> at com.loanflow.customer.service.CustomerServiceTest$CreateTests.shouldCreateCustomer(CustomerServiceTest.java:110)
  4. -> at com.loanflow.customer.service.CustomerServiceTest$CreateTests.shouldCreateCustomer(CustomerServiceTest.java:111)
Please remove unnecessary stubbings or use 'lenient' strictness. More info: javadoc for UnnecessaryStubbingException class.
	at org.mockito.junit.jupiter.MockitoExtension.afterEach(MockitoExtension.java:192)
	at java.base/java.util.ArrayList.forEach(ArrayList.java:1511)
	at java.base/java.util.ArrayList.forEach(ArrayList.java:1511)
	at java.base/java.util.ArrayList.forEach(ArrayList.java:1511)

com.loanflow.customer.service.CustomerServiceTest$CreateTests.shouldThrowForDuplicatePan -- Time elapsed: 0.003 s <<< FAILURE!
java.lang.AssertionError: 

Expecting actual throwable to be an instance of:
  com.loanflow.util.exception.DuplicateResourceException
but was:
  java.lang.NullPointerException: Cannot invoke "com.loanflow.customer.domain.entity.Customer.generateCustomerNumber()" because "customer" is null
	at com.loanflow.customer.service.impl.CustomerServiceImpl.create(CustomerServiceImpl.java:39)
	at com.loanflow.customer.service.CustomerServiceTest$CreateTests.lambda$shouldThrowForDuplicatePan$0(CustomerServiceTest.java:135)
	at org.assertj.core.api.ThrowableAssert.catchThrowable(ThrowableAssert.java:63)
	...(83 remaining lines not displayed - this can be changed with Assertions.setMaxStackTraceElementsDisplayed)
	at com.loanflow.customer.service.CustomerServiceTest$CreateTests.shouldThrowForDuplicatePan(CustomerServiceTest.java:136)
	at java.base/java.lang.reflect.Method.invoke(Method.java:578)
	at java.base/java.util.ArrayList.forEach(ArrayList.java:1511)
	at java.base/java.util.ArrayList.forEach(ArrayList.java:1511)
	at java.base/java.util.ArrayList.forEach(ArrayList.java:1511)

com.loanflow.customer.service.CustomerServiceTest$CreateTests.shouldThrowForDuplicateAadhaar -- Time elapsed: 0.004 s <<< FAILURE!
java.lang.AssertionError: 

Expecting actual throwable to be an instance of:
  com.loanflow.util.exception.DuplicateResourceException
but was:
  java.lang.NullPointerException: Cannot invoke "com.loanflow.customer.domain.entity.Customer.generateCustomerNumber()" because "customer" is null
	at com.loanflow.customer.service.impl.CustomerServiceImpl.create(CustomerServiceImpl.java:39)
	at com.loanflow.customer.service.CustomerServiceTest$CreateTests.lambda$shouldThrowForDuplicateAadhaar$1(CustomerServiceTest.java:148)
	at org.assertj.core.api.ThrowableAssert.catchThrowable(ThrowableAssert.java:63)
	...(83 remaining lines not displayed - this can be changed with Assertions.setMaxStackTraceElementsDisplayed)
	at com.loanflow.customer.service.CustomerServiceTest$CreateTests.shouldThrowForDuplicateAadhaar(CustomerServiceTest.java:149)
	at java.base/java.lang.reflect.Method.invoke(Method.java:578)
	at java.base/java.util.ArrayList.forEach(ArrayList.java:1511)
	at java.base/java.util.ArrayList.forEach(ArrayList.java:1511)
	at java.base/java.util.ArrayList.forEach(ArrayList.java:1511)

com.loanflow.customer.service.CustomerServiceTest$CreateTests.shouldValidateOnCreation -- Time elapsed: 0.021 s <<< ERROR!
org.mockito.exceptions.misusing.UnnecessaryStubbingException: 

Unnecessary stubbings detected.
Clean & maintainable test code requires zero unnecessary code.
Following stubbings are unnecessary (click to navigate to relevant line of code):
  1. -> at com.loanflow.customer.service.CustomerServiceTest$CreateTests.shouldValidateOnCreation(CustomerServiceTest.java:204)
  2. -> at com.loanflow.customer.service.CustomerServiceTest$CreateTests.shouldValidateOnCreation(CustomerServiceTest.java:205)
  3. -> at com.loanflow.customer.service.CustomerServiceTest$CreateTests.shouldValidateOnCreation(CustomerServiceTest.java:206)
  4. -> at com.loanflow.customer.service.CustomerServiceTest$CreateTests.shouldValidateOnCreation(CustomerServiceTest.java:207)
Please remove unnecessary stubbings or use 'lenient' strictness. More info: javadoc for UnnecessaryStubbingException class.
	at org.mockito.junit.jupiter.MockitoExtension.afterEach(MockitoExtension.java:192)
	at java.base/java.util.ArrayList.forEach(ArrayList.java:1511)
	at java.base/java.util.ArrayList.forEach(ArrayList.java:1511)
	at java.base/java.util.ArrayList.forEach(ArrayList.java:1511)

